<?xml version="1.0" encoding="UTF-8"?>
<testng-results ignored="0" total="1" passed="1" failed="0" skipped="0">
  <reporter-output>
  </reporter-output>
  <suite started-at="2025-05-26T20:11:59 BRT" name="Default suite" finished-at="2025-05-26T20:13:01 BRT" duration-ms="61746">
    <groups>
    </groups>
    <test started-at="2025-05-26T20:11:59 BRT" name="Default test" finished-at="2025-05-26T20:13:01 BRT" duration-ms="61746">
      <class name="testcases.Testcase_04_CreateInvalidOrExistingInfo">
        <test-method signature="createInvalidOrExistingInfo()[pri:0, instance:testcases.Testcase_04_CreateInvalidOrExistingInfo@51c668e3]" started-at="2025-05-26T20:11:59 BRT" name="createInvalidOrExistingInfo" finished-at="2025-05-26T20:13:01 BRT" duration-ms="61701" status="PASS">
          <reporter-output>
          </reporter-output>
        </test-method> <!-- createInvalidOrExistingInfo -->
      </class> <!-- testcases.Testcase_04_CreateInvalidOrExistingInfo -->
    </test> <!-- Default test -->
  </suite> <!-- Default suite -->
</testng-results>
