<?xml version="1.0" encoding="UTF-8"?>
<testng-results ignored="0" total="1" passed="1" failed="0" skipped="0">
  <reporter-output>
  </reporter-output>
  <suite started-at="2025-05-26T03:14:26 BRT" name="Default suite" finished-at="2025-05-26T03:14:57 BRT" duration-ms="30712">
    <groups>
    </groups>
    <test started-at="2025-05-26T03:14:26 BRT" name="Default test" finished-at="2025-05-26T03:14:57 BRT" duration-ms="30712">
      <class name="testcases.Testcase_03_CreateValidDocument">
        <test-method signature="createValidDocAndDelete()[pri:0, instance:testcases.Testcase_03_CreateValidDocument@51c668e3]" started-at="2025-05-26T03:14:26 BRT" name="createValidDocAndDelete" finished-at="2025-05-26T03:14:57 BRT" duration-ms="30666" status="PASS">
          <reporter-output>
          </reporter-output>
        </test-method> <!-- createValidDocAndDelete -->
      </class> <!-- testcases.Testcase_03_CreateValidDocument -->
    </test> <!-- Default test -->
  </suite> <!-- Default suite -->
</testng-results>
