<?xml version="1.0" encoding="UTF-8"?>
<testng-results ignored="0" total="1" passed="1" failed="0" skipped="0">
  <reporter-output>
  </reporter-output>
  <suite started-at="2025-05-25T20:48:11 BRT" name="Surefire suite" finished-at="2025-05-25T20:48:23 BRT" duration-ms="11835">
    <groups>
    </groups>
    <test started-at="2025-05-25T20:48:11 BRT" name="Surefire test" finished-at="2025-05-25T20:48:23 BRT" duration-ms="11835">
      <class name="testcases.Testcase_01_LoginWithWrongCredentials">
        <test-method signature="main()[pri:0, instance:testcases.Testcase_01_LoginWithWrongCredentials@4cc8eb05]" started-at="2025-05-25T20:48:11 BRT" name="main" finished-at="2025-05-25T20:48:23 BRT" duration-ms="11794" status="PASS">
          <reporter-output>
          </reporter-output>
        </test-method> <!-- main -->
      </class> <!-- testcases.Testcase_01_LoginWithWrongCredentials -->
    </test> <!-- Surefire test -->
  </suite> <!-- Surefire suite -->
</testng-results>
