<?xml version="1.0" encoding="UTF-8"?>
<testsuite xmlns:xsi="http://www.w3.org/2001/XMLSchema-instance" xsi:noNamespaceSchemaLocation="https://maven.apache.org/surefire/maven-surefire-plugin/xsd/surefire-test-report-3.0.xsd" version="3.0" name="testcases.Testcase_01_LoginVerifications" time="12.543" tests="1" errors="0" skipped="0" failures="0">
  <properties>
[...]
</properties>
  <testcase name="main" classname="testcases.Testcase_01_LoginVerifications" time="12.108">
    <system-out><![CDATA[Didn't
{
  "users" : [ {
    "id" : "094e",
    "email" : "robbarryn@gmail.com",
    "senha" : "Robb123456",
    "nome" : "Robert",
    "sobrenome" : "Arryn",
    "cpf" : "930.123.553-33",
    "nascimento" : "1995-08-04",
    "endereco" : "Rua Rua 000"
  } ],
  "docs" : [ {
    "documentName" : "Russia Shipment Tariffs",
    "documentFormat" : "PDF",
    "reportId" : "6856522",
    "documentRegion" : "Rússia",
    "departmentName" : "DIF",
    "documentType" : "Extrajudicial Contract",
    "id" : "8026"
  } ]
}
]]></system-out>
    <system-err><![CDATA[SLF4J(W): No SLF4J providers were found.
SLF4J(W): Defaulting to no-operation (NOP) logger implementation
SLF4J(W): See https://www.slf4j.org/codes.html#noProviders for further details.
]]></system-err>
  </testcase>
</testsuite>